<?xml version="1.0" encoding="UTF-8"?>
<testsuite xmlns:xsi="http://www.w3.org/2001/XMLSchema-instance" xsi:noNamespaceSchemaLocation="https://maven.apache.org/surefire/maven-surefire-plugin/xsd/surefire-test-report-3.0.xsd" version="3.0" name="com.mycompany.productmanagementsystem.ProductTest" time="0.092" tests="10" errors="0" skipped="0" failures="0">
  <properties>
[...]
</properties>
  <testcase name="testCheckProductAvailability_Available" classname="com.mycompany.productmanagementsystem.ProductTest" time="0.035"/>
  <testcase name="testRegisterProduct_Fail_InvalidId" classname="com.mycompany.productmanagementsystem.ProductTest" time="0.003"/>
  <testcase name="testCheckProductAvailability_NotAvailable" classname="com.mycompany.productmanagementsystem.ProductTest" time="0.004"/>
  <testcase name="testReturnProductStatus_Available" classname="com.mycompany.productmanagementsystem.ProductTest" time="0.002"/>
  <testcase name="testReturnProductStatus_NotAvailable" classname="com.mycompany.productmanagementsystem.ProductTest" time="0.001"/>
  <testcase name="testCheckProductIdFormat_Incorrect" classname="com.mycompany.productmanagementsystem.ProductTest" time="0.002"/>
  <testcase name="testRegisterProduct_Success" classname="com.mycompany.productmanagementsystem.ProductTest" time="0.002"/>
  <testcase name="testRegisterProduct_Fail_NegativeQuantity" classname="com.mycompany.productmanagementsystem.ProductTest" time="0.001"/>
  <testcase name="testCheckProductIdFormat_Correct" classname="com.mycompany.productmanagementsystem.ProductTest" time="0.0"/>
  <testcase name="testUserRegistered" classname="com.mycompany.productmanagementsystem.ProductTest" time="0.001"/>
</testsuite>